<?xml version="1.0" encoding="UTF-8"?>
<!-- Generated by org.testng.reporters.JUnitXMLReporter -->
<testsuite hostname="LAPTOP-9O8PPK85" ignored="3" name="test" tests="8" failures="1" timestamp="2021-08-15T02:27:52 AEST" time="571.036" errors="0">
  <testcase name="validateMandatoryFieldsContactTest" time="208.033" classname="com.div.proj.testcases.ValidateMandatoryFieldsContactTest"/>
  <testcase name="ContactPageSubmitTest" time="31.278" classname="com.div.proj.testcases.ContactPageSubmitTest"/>
  <testcase name="ContactPageSubmitTest" time="49.002" classname="com.div.proj.testcases.ContactPageSubmitTest"/>
  <testcase name="ContactPageSubmitTest" time="37.319" classname="com.div.proj.testcases.ContactPageSubmitTest"/>
  <testcase name="ContactPageSubmitTest" time="68.156" classname="com.div.proj.testcases.ContactPageSubmitTest"/>
  <testcase name="ContactPageSubmitTest" time="53.342" classname="com.div.proj.testcases.ContactPageSubmitTest"/>
  <testcase name="ShopAddToCartTest" time="29.625" classname="com.div.proj.testcases.ShopAddToCartTest">
    <failure type="java.lang.AssertionError" message="The following asserts failed:
	Funny Cow Quantity mismatch expected [true] but found [false]">
      <![CDATA[java.lang.AssertionError: The following asserts failed:
Funny Cow Quantity mismatch expected [true] but found [false]
at com.div.proj.testcases.ShopAddToCartTest.ShopAddToCartTest(ShopAddToCartTest.java:58)
at java.util.concurrent.FutureTask.run(FutureTask.java:266)
at java.util.concurrent.Executors$RunnableAdapter.call(Executors.java:511)
at java.util.concurrent.FutureTask.run(FutureTask.java:266)
at java.util.concurrent.ThreadPoolExecutor.runWorker(ThreadPoolExecutor.java:1149)
at java.util.concurrent.ThreadPoolExecutor$Worker.run(ThreadPoolExecutor.java:624)
at java.lang.Thread.run(Thread.java:748)
... Removed 11 stack frames]]>
    </failure>
  </testcase> <!-- ShopAddToCartTest -->
  <testcase name="CartTotalAmountTest" time="16.666" classname="com.div.proj.testcases.CartTotalAmountTest"/>
  <testcase name="@BeforeSuite setUpFramework" time="0.0" classname="com.div.proj.testcases.BaseTest">
    <ignored/>
  </testcase> <!-- @BeforeSuite setUpFramework -->
  <testcase name="@BeforeSuite setUpFramework" time="0.0" classname="com.div.proj.testcases.BaseTest">
    <ignored/>
  </testcase> <!-- @BeforeSuite setUpFramework -->
  <testcase name="@BeforeSuite setUpFramework" time="0.0" classname="com.div.proj.testcases.BaseTest">
    <ignored/>
  </testcase> <!-- @BeforeSuite setUpFramework -->
</testsuite> <!-- test -->
