<?xml version="1.0" encoding="UTF-8"?>
<testsuite name="TestSuite" time="285.458" tests="8" errors="0" skipped="0" failures="1">
  <properties>
    <property name="java.runtime.name" value="Java(TM) SE Runtime Environment"/>
    <property name="sun.boot.library.path" value="C:\Program Files\Java\jdk1.8.0_151\jre\bin"/>
    <property name="java.vm.version" value="25.151-b12"/>
    <property name="java.vm.vendor" value="Oracle Corporation"/>
    <property name="maven.multiModuleProjectDirectory" value="C:\Users\divya\Desktop\PageObjectExtended"/>
    <property name="java.vendor.url" value="http://java.oracle.com/"/>
    <property name="path.separator" value=";"/>
    <property name="guice.disable.misplaced.annotation.check" value="true"/>
    <property name="java.vm.name" value="Java HotSpot(TM) 64-Bit Server VM"/>
    <property name="file.encoding.pkg" value="sun.io"/>
    <property name="user.script" value=""/>
    <property name="user.country" value="AU"/>
    <property name="sun.java.launcher" value="SUN_STANDARD"/>
    <property name="sun.os.patch.level" value=""/>
    <property name="java.vm.specification.name" value="Java Virtual Machine Specification"/>
    <property name="user.dir" value="C:\Users\divya\Desktop\PageObjectExtended"/>
    <property name="java.runtime.version" value="1.8.0_151-b12"/>
    <property name="java.awt.graphicsenv" value="sun.awt.Win32GraphicsEnvironment"/>
    <property name="java.endorsed.dirs" value="C:\Program Files\Java\jdk1.8.0_151\jre\lib\endorsed"/>
    <property name="os.arch" value="amd64"/>
    <property name="java.io.tmpdir" value="C:\Users\divya\AppData\Local\Temp\"/>
    <property name="line.separator" value="&#10;"/>
    <property name="java.vm.specification.vendor" value="Oracle Corporation"/>
    <property name="user.variant" value=""/>
    <property name="os.name" value="Windows 10"/>
    <property name="classworlds.conf" value="C:\Users\divya\Documents\software\apache-maven-3.6.0-bin\apache-maven-3.6.0\bin\..\bin\m2.conf"/>
    <property name="sun.jnu.encoding" value="Cp1252"/>
    <property name="java.library.path" value="C:\Program Files\Java\jdk1.8.0_151\bin;C:\WINDOWS\Sun\Java\bin;C:\WINDOWS\system32;C:\WINDOWS;C:\Perl64\site\bin;C:\Perl64\bin;C:\Program Files\Java\jdk1.8.0_151\bin;C:\WINDOWS\system32;C:\WINDOWS;C:\WINDOWS\System32\Wbem;C:\WINDOWS\System32\WindowsPowerShell\v1.0\;C:\WINDOWS\System32\OpenSSH\;C:\Program Files\PuTTY\;C:\Users\divya\Documents\software\apache-maven-3.6.0-bin\apache-maven-3.6.0\bin;C:\Program Files\nodejs\;C:\Program Files\Microsoft VS Code\bin;C:\Program Files (x86)\Groovy\Groovy-3.0.0\bin;C:\Program Files\Git\cmd;C:\Users\divya\AppData\Local\Android\Sdk\tools\bin;C:\Users\divya\AppData\Local\Android\Sdk\tools;C:\Users\divya\AppData\Local\Android\Sdk\platform-tools;C:\WINDOWS\system32;C:\WINDOWS;C:\WINDOWS\System32\Wbem;C:\WINDOWS\System32\WindowsPowerShell\v1.0\;C:\Users\divya\AppData\Local\Microsoft\WindowsApps;C:\Program Files\Java\jdk1.8.0_151\bin;;C:\Users\divya\AppData\Local\Microsoft\WindowsApps;C:\Users\divya\AppData\Roaming\npm;."/>
    <property name="maven.conf" value="C:\Users\divya\Documents\software\apache-maven-3.6.0-bin\apache-maven-3.6.0\bin\../conf"/>
    <property name="java.specification.name" value="Java Platform API Specification"/>
    <property name="java.class.version" value="52.0"/>
    <property name="sun.management.compiler" value="HotSpot 64-Bit Tiered Compilers"/>
    <property name="os.version" value="10.0"/>
    <property name="library.jansi.path" value="C:\Users\divya\Documents\software\apache-maven-3.6.0-bin\apache-maven-3.6.0\bin\..\lib\jansi-native"/>
    <property name="user.home" value="C:\Users\divya"/>
    <property name="user.timezone" value="Australia/Sydney"/>
    <property name="java.awt.printerjob" value="sun.awt.windows.WPrinterJob"/>
    <property name="java.specification.version" value="1.8"/>
    <property name="file.encoding" value="Cp1252"/>
    <property name="user.name" value="divya"/>
    <property name="java.class.path" value="C:\Users\divya\Documents\software\apache-maven-3.6.0-bin\apache-maven-3.6.0\bin\..\boot\plexus-classworlds-2.5.2.jar"/>
    <property name="java.vm.specification.version" value="1.8"/>
    <property name="sun.arch.data.model" value="64"/>
    <property name="java.home" value="C:\Program Files\Java\jdk1.8.0_151\jre"/>
    <property name="sun.java.command" value="org.codehaus.plexus.classworlds.launcher.Launcher test"/>
    <property name="java.specification.vendor" value="Oracle Corporation"/>
    <property name="user.language" value="en"/>
    <property name="awt.toolkit" value="sun.awt.windows.WToolkit"/>
    <property name="java.vm.info" value="mixed mode"/>
    <property name="java.version" value="1.8.0_151"/>
    <property name="java.ext.dirs" value="C:\Program Files\Java\jdk1.8.0_151\jre\lib\ext;C:\WINDOWS\Sun\Java\lib\ext"/>
    <property name="sun.boot.class.path" value="C:\Program Files\Java\jdk1.8.0_151\jre\lib\resources.jar;C:\Program Files\Java\jdk1.8.0_151\jre\lib\rt.jar;C:\Program Files\Java\jdk1.8.0_151\jre\lib\sunrsasign.jar;C:\Program Files\Java\jdk1.8.0_151\jre\lib\jsse.jar;C:\Program Files\Java\jdk1.8.0_151\jre\lib\jce.jar;C:\Program Files\Java\jdk1.8.0_151\jre\lib\charsets.jar;C:\Program Files\Java\jdk1.8.0_151\jre\lib\jfr.jar;C:\Program Files\Java\jdk1.8.0_151\jre\classes"/>
    <property name="sun.stderr.encoding" value="cp850"/>
    <property name="java.vendor" value="Oracle Corporation"/>
    <property name="maven.home" value="C:\Users\divya\Documents\software\apache-maven-3.6.0-bin\apache-maven-3.6.0\bin\.."/>
    <property name="file.separator" value="\"/>
    <property name="java.vendor.url.bug" value="http://bugreport.sun.com/bugreport/"/>
    <property name="sun.cpu.endian" value="little"/>
    <property name="sun.io.unicode.encoding" value="UnicodeLittle"/>
    <property name="sun.stdout.encoding" value="cp850"/>
    <property name="sun.desktop" value="windows"/>
    <property name="sun.cpu.isalist" value="amd64"/>
  </properties>
  <testcase name="validateMandatoryFieldsContactTest" classname="com.div.proj.testcases.ValidateMandatoryFieldsContactTest" time="208.126"/>
  <testcase name="ContactPageSubmitTest" classname="com.div.proj.testcases.ContactPageSubmitTest" time="31.273"/>
  <testcase name="ContactPageSubmitTest" classname="com.div.proj.testcases.ContactPageSubmitTest" time="49.003"/>
  <testcase name="ContactPageSubmitTest" classname="com.div.proj.testcases.ContactPageSubmitTest" time="36.763"/>
  <testcase name="ContactPageSubmitTest" classname="com.div.proj.testcases.ContactPageSubmitTest" time="68.156"/>
  <testcase name="ContactPageSubmitTest" classname="com.div.proj.testcases.ContactPageSubmitTest" time="53.323"/>
  <testcase name="ShopAddToCartTest" classname="com.div.proj.testcases.ShopAddToCartTest" time="29.402">
    <failure message="The following asserts failed:&#10;	Funny Cow Quantity mismatch expected [true] but found [false]" type="java.lang.AssertionError">java.lang.AssertionError: The following asserts failed:
	Funny Cow Quantity mismatch expected [true] but found [false]
	at org.testng.asserts.SoftAssert.assertAll(SoftAssert.java:47)
	at org.testng.asserts.SoftAssert.assertAll(SoftAssert.java:31)
	at com.div.proj.testcases.ShopAddToCartTest.ShopAddToCartTest(ShopAddToCartTest.java:58)
</failure>
    <system-out><![CDATA[Browser closed
INFO    2021-08-15 02:25:58,057 [TestNG-PoolService-0] com.div.proj.testcases.BaseTest  - Test Execution Completed !!!
ShopAddToCartTest
Total rows are : 15
Test case starts from row num: 9
Total rows of data are : 1
Total cols are : 2
INFO    2021-08-15 02:25:58,430 [TestNG-PoolService-0] com.div.proj.testcases.BaseTest  - Inside Shop - Add to cart Test
Launching : chrome
INFO    2021-08-15 02:26:04,673 [TestNG-PoolService-0] com.div.proj.testcases.BaseTest  - Driver Initialized !!!
Page Opened
Clicked on Shop
INFO    2021-08-15 02:26:25,318 [TestNG-PoolService-0] com.div.proj.testcases.BaseTest  - Ah what the heck. Lets add 2 Funny Cow Toys
INFO    2021-08-15 02:26:25,457 [TestNG-PoolService-0] com.div.proj.testcases.BaseTest  - Mum is losing her mind
Clicked on Cart
INFO    2021-08-15 02:26:27,337 [TestNG-PoolService-0] com.div.proj.testcases.BaseTest  - Funny Cow Quantity added :1
INFO    2021-08-15 02:26:27,860 [TestNG-PoolService-0] com.div.proj.testcases.BaseTest  - Fluffy Bunny Quantity added :1
]]></system-out>
    <system-err><![CDATA[Starting ChromeDriver 2.37.544315 (730aa6a5fdba159ac9f4c1e8cbc59bf1b5ce12b7) on port 27523
Only local connections are allowed.
Aug 15, 2021 2:26:04 AM org.openqa.selenium.remote.ProtocolHandshake createSession
INFO: Detected dialect: OSS
]]></system-err>
  </testcase>
  <testcase name="CartTotalAmountTest" classname="com.div.proj.testcases.CartTotalAmountTest" time="16.657"/>
</testsuite>