<?xml version="1.0" encoding="UTF-8"?>
<testng-results skipped="0" failed="1" ignored="3" total="11" passed="7">
  <reporter-output>
  </reporter-output>
  <suite name="Suite" duration-ms="571036" started-at="2021-08-15T02:18:21 AEST" finished-at="2021-08-15T02:27:52 AEST">
    <groups>
    </groups>
    <test name="test" duration-ms="571036" started-at="2021-08-15T02:18:21 AEST" finished-at="2021-08-15T02:27:52 AEST">
      <class name="com.div.proj.testcases.ContactPageSubmitTest">
        <test-method status="PASS" signature="ContactPageSubmitTest(java.util.Hashtable)[pri:0, instance:com.div.proj.testcases.ContactPageSubmitTest@df27fae]" name="ContactPageSubmitTest" duration-ms="31278" started-at="2021-08-15T02:21:52 AEST" data-provider="masterDP" finished-at="2021-08-15T02:22:24 AEST">
          <params>
            <param index="0">
              <value>
                <![CDATA[{browser=chrome, Runmode=Y}]]>
              </value>
            </param>
          </params>
          <reporter-output>
          </reporter-output>
        </test-method> <!-- ContactPageSubmitTest -->
        <test-method status="PASS" signature="tearDown()[pri:0, instance:com.div.proj.testcases.ContactPageSubmitTest@df27fae]" name="tearDown" is-config="true" duration-ms="936" started-at="2021-08-15T02:22:24 AEST" finished-at="2021-08-15T02:22:24 AEST">
          <reporter-output>
          </reporter-output>
        </test-method> <!-- tearDown -->
        <test-method status="PASS" signature="ContactPageSubmitTest(java.util.Hashtable)[pri:0, instance:com.div.proj.testcases.ContactPageSubmitTest@df27fae]" name="ContactPageSubmitTest" duration-ms="49002" started-at="2021-08-15T02:22:25 AEST" data-provider="masterDP" finished-at="2021-08-15T02:23:14 AEST">
          <params>
            <param index="0">
              <value>
                <![CDATA[{browser=chrome, Runmode=Y}]]>
              </value>
            </param>
          </params>
          <reporter-output>
          </reporter-output>
        </test-method> <!-- ContactPageSubmitTest -->
        <test-method status="PASS" signature="tearDown()[pri:0, instance:com.div.proj.testcases.ContactPageSubmitTest@df27fae]" name="tearDown" is-config="true" duration-ms="915" started-at="2021-08-15T02:23:14 AEST" finished-at="2021-08-15T02:23:14 AEST">
          <reporter-output>
          </reporter-output>
        </test-method> <!-- tearDown -->
        <test-method status="PASS" signature="ContactPageSubmitTest(java.util.Hashtable)[pri:0, instance:com.div.proj.testcases.ContactPageSubmitTest@df27fae]" name="ContactPageSubmitTest" duration-ms="37319" started-at="2021-08-15T02:23:15 AEST" data-provider="masterDP" finished-at="2021-08-15T02:23:52 AEST">
          <params>
            <param index="0">
              <value>
                <![CDATA[{browser=chrome, Runmode=Y}]]>
              </value>
            </param>
          </params>
          <reporter-output>
          </reporter-output>
        </test-method> <!-- ContactPageSubmitTest -->
        <test-method status="PASS" signature="tearDown()[pri:0, instance:com.div.proj.testcases.ContactPageSubmitTest@df27fae]" name="tearDown" is-config="true" duration-ms="1496" started-at="2021-08-15T02:23:52 AEST" finished-at="2021-08-15T02:23:53 AEST">
          <reporter-output>
          </reporter-output>
        </test-method> <!-- tearDown -->
        <test-method status="PASS" signature="ContactPageSubmitTest(java.util.Hashtable)[pri:0, instance:com.div.proj.testcases.ContactPageSubmitTest@df27fae]" name="ContactPageSubmitTest" duration-ms="68156" started-at="2021-08-15T02:23:53 AEST" data-provider="masterDP" finished-at="2021-08-15T02:25:02 AEST">
          <params>
            <param index="0">
              <value>
                <![CDATA[{browser=chrome, Runmode=Y}]]>
              </value>
            </param>
          </params>
          <reporter-output>
          </reporter-output>
        </test-method> <!-- ContactPageSubmitTest -->
        <test-method status="PASS" signature="tearDown()[pri:0, instance:com.div.proj.testcases.ContactPageSubmitTest@df27fae]" name="tearDown" is-config="true" duration-ms="1417" started-at="2021-08-15T02:25:02 AEST" finished-at="2021-08-15T02:25:03 AEST">
          <reporter-output>
          </reporter-output>
        </test-method> <!-- tearDown -->
        <test-method status="PASS" signature="ContactPageSubmitTest(java.util.Hashtable)[pri:0, instance:com.div.proj.testcases.ContactPageSubmitTest@df27fae]" name="ContactPageSubmitTest" duration-ms="53342" started-at="2021-08-15T02:25:03 AEST" data-provider="masterDP" finished-at="2021-08-15T02:25:57 AEST">
          <params>
            <param index="0">
              <value>
                <![CDATA[{browser=chrome, Runmode=Y}]]>
              </value>
            </param>
          </params>
          <reporter-output>
          </reporter-output>
        </test-method> <!-- ContactPageSubmitTest -->
        <test-method status="PASS" signature="tearDown()[pri:0, instance:com.div.proj.testcases.ContactPageSubmitTest@df27fae]" name="tearDown" is-config="true" duration-ms="1036" started-at="2021-08-15T02:25:57 AEST" finished-at="2021-08-15T02:25:58 AEST">
          <reporter-output>
          </reporter-output>
        </test-method> <!-- tearDown -->
      </class> <!-- com.div.proj.testcases.ContactPageSubmitTest -->
      <class name="com.div.proj.testcases.CartTotalAmountTest">
        <test-method status="PASS" signature="CartTotalAmountTest(java.util.Hashtable)[pri:0, instance:com.div.proj.testcases.CartTotalAmountTest@16f7c8c1]" name="CartTotalAmountTest" duration-ms="16666" started-at="2021-08-15T02:27:34 AEST" data-provider="masterDP" finished-at="2021-08-15T02:27:50 AEST">
          <params>
            <param index="0">
              <value>
                <![CDATA[{browser=chrome, Runmode=Y}]]>
              </value>
            </param>
          </params>
          <reporter-output>
          </reporter-output>
        </test-method> <!-- CartTotalAmountTest -->
        <test-method status="PASS" signature="tearDown()[pri:0, instance:com.div.proj.testcases.CartTotalAmountTest@16f7c8c1]" name="tearDown" is-config="true" duration-ms="1622" started-at="2021-08-15T02:27:50 AEST" finished-at="2021-08-15T02:27:52 AEST">
          <reporter-output>
          </reporter-output>
        </test-method> <!-- tearDown -->
      </class> <!-- com.div.proj.testcases.CartTotalAmountTest -->
      <class name="com.div.proj.testcases.ValidateMandatoryFieldsContactTest">
        <test-method status="PASS" signature="setUpFramework()[pri:0, instance:com.div.proj.testcases.ValidateMandatoryFieldsContactTest@4cf4d528]" name="setUpFramework" is-config="true" duration-ms="122" started-at="2021-08-15T02:18:21 AEST" finished-at="2021-08-15T02:18:21 AEST">
          <reporter-output>
          </reporter-output>
        </test-method> <!-- setUpFramework -->
        <test-method status="PASS" signature="validateMandatoryFieldsContactTest(java.util.Hashtable)[pri:0, instance:com.div.proj.testcases.ValidateMandatoryFieldsContactTest@4cf4d528]" name="validateMandatoryFieldsContactTest" duration-ms="208033" started-at="2021-08-15T02:18:22 AEST" data-provider="masterDP" finished-at="2021-08-15T02:21:50 AEST">
          <params>
            <param index="0">
              <value>
                <![CDATA[{browser=chrome, Runmode=Y}]]>
              </value>
            </param>
          </params>
          <reporter-output>
          </reporter-output>
        </test-method> <!-- validateMandatoryFieldsContactTest -->
        <test-method status="PASS" signature="tearDown()[pri:0, instance:com.div.proj.testcases.ValidateMandatoryFieldsContactTest@4cf4d528]" name="tearDown" is-config="true" duration-ms="1916" started-at="2021-08-15T02:21:50 AEST" finished-at="2021-08-15T02:21:52 AEST">
          <reporter-output>
          </reporter-output>
        </test-method> <!-- tearDown -->
      </class> <!-- com.div.proj.testcases.ValidateMandatoryFieldsContactTest -->
      <class name="com.div.proj.testcases.ShopAddToCartTest">
        <test-method status="FAIL" signature="ShopAddToCartTest(java.util.Hashtable)[pri:0, instance:com.div.proj.testcases.ShopAddToCartTest@24a35978]" name="ShopAddToCartTest" duration-ms="29625" started-at="2021-08-15T02:25:58 AEST" data-provider="masterDP" finished-at="2021-08-15T02:26:27 AEST">
          <params>
            <param index="0">
              <value>
                <![CDATA[{browser=chrome, Runmode=Y}]]>
              </value>
            </param>
          </params>
          <exception class="java.lang.AssertionError">
            <message>
              <![CDATA[The following asserts failed:
Funny Cow Quantity mismatch expected [true] but found [false]]]>
            </message>
            <full-stacktrace>
              <![CDATA[java.lang.AssertionError: The following asserts failed:
Funny Cow Quantity mismatch expected [true] but found [false]
at org.testng.asserts.SoftAssert.assertAll(SoftAssert.java:47)
at org.testng.asserts.SoftAssert.assertAll(SoftAssert.java:31)
at com.div.proj.testcases.ShopAddToCartTest.ShopAddToCartTest(ShopAddToCartTest.java:58)
at sun.reflect.NativeMethodAccessorImpl.invoke0(Native Method)
at sun.reflect.NativeMethodAccessorImpl.invoke(NativeMethodAccessorImpl.java:62)
at sun.reflect.DelegatingMethodAccessorImpl.invoke(DelegatingMethodAccessorImpl.java:43)
at java.lang.reflect.Method.invoke(Method.java:498)
at org.testng.internal.MethodInvocationHelper.invokeMethod(MethodInvocationHelper.java:133)
at org.testng.internal.TestInvoker.invokeMethod(TestInvoker.java:598)
at org.testng.internal.TestInvoker.invokeTestMethod(TestInvoker.java:173)
at org.testng.internal.TestMethodWithDataProviderMethodWorker.call(TestMethodWithDataProviderMethodWorker.java:77)
at org.testng.internal.TestMethodWithDataProviderMethodWorker.call(TestMethodWithDataProviderMethodWorker.java:15)
at java.util.concurrent.FutureTask.run(FutureTask.java:266)
at java.util.concurrent.Executors$RunnableAdapter.call(Executors.java:511)
at java.util.concurrent.FutureTask.run(FutureTask.java:266)
at java.util.concurrent.ThreadPoolExecutor.runWorker(ThreadPoolExecutor.java:1149)
at java.util.concurrent.ThreadPoolExecutor$Worker.run(ThreadPoolExecutor.java:624)
at java.lang.Thread.run(Thread.java:748)
]]>
            </full-stacktrace>
          </exception> <!-- java.lang.AssertionError -->
          <reporter-output>
          </reporter-output>
        </test-method> <!-- ShopAddToCartTest -->
        <test-method status="PASS" signature="tearDown()[pri:0, instance:com.div.proj.testcases.ShopAddToCartTest@24a35978]" name="tearDown" is-config="true" duration-ms="2043" started-at="2021-08-15T02:27:32 AEST" finished-at="2021-08-15T02:27:34 AEST">
          <reporter-output>
          </reporter-output>
        </test-method> <!-- tearDown -->
      </class> <!-- com.div.proj.testcases.ShopAddToCartTest -->
    </test> <!-- test -->
  </suite> <!-- Suite -->
</testng-results>
